<?xml version="1.0" encoding="UTF-8"?>
<!-- Generated by org.testng.reporters.JUnitReportReporter -->
<testsuite skipped="0" hostname="LAPTOP-99IORVV9" name="com.w2a.testcases.BankManagerLoginTest" tests="1" failures="0" timestamp="2021-12-04T21:21:33 MSK" time="0.185" errors="0">
  <testcase name="loginAsBankManger" time="0.185" classname="com.w2a.testcases.BankManagerLoginTest"/>
  <system-out>
    <![CDATA[click to see Screenshot
<a target="_blank" href=null>Screenshot</a>
<br>
<a target="_blank" href=null><img scr=nullheight=200 width=200></img></a>]]>
  </system-out>
</testsuite> <!-- com.w2a.testcases.BankManagerLoginTest -->
